[2020-04-06T09:58:51.763] [DEBUG] cheese - login => username:admin,password:123456
[2020-04-06T09:58:51.765] [DEBUG] cheese - admin
[2020-04-06T09:58:51.812] [DEBUG] cheese - null
[2020-04-06T09:58:51.813] [DEBUG] cheese - null
[2020-04-06T09:59:04.705] [DEBUG] cheese - login => username:admin,password:123456
[2020-04-06T09:59:04.705] [DEBUG] cheese - admin
[2020-04-06T09:59:04.712] [DEBUG] cheese - null
[2020-04-06T09:59:04.712] [DEBUG] cheese - null
[2020-04-06T09:59:10.895] [DEBUG] cheese - login => username:admin,password:123456
[2020-04-06T09:59:10.895] [DEBUG] cheese - admin
[2020-04-06T09:59:10.900] [DEBUG] cheese - null
[2020-04-06T09:59:10.900] [DEBUG] cheese - null
[2020-04-06T10:00:24.045] [DEBUG] cheese - login => username:admin,password:123456
[2020-04-06T10:00:24.045] [DEBUG] cheese - admin
[2020-04-06T10:00:24.050] [DEBUG] cheese - null
[2020-04-06T10:00:24.050] [DEBUG] cheese - null
[2020-04-06T10:00:26.780] [DEBUG] cheese - login => username:admin,password:123456
[2020-04-06T10:00:26.780] [DEBUG] cheese - admin
[2020-04-06T10:00:26.785] [DEBUG] cheese - null
[2020-04-06T10:00:26.785] [DEBUG] cheese - null
[2020-04-06T10:00:28.768] [DEBUG] cheese - login => username:admin,password:123456
[2020-04-06T10:00:28.768] [DEBUG] cheese - admin
[2020-04-06T10:00:28.775] [DEBUG] cheese - null
[2020-04-06T10:00:28.775] [DEBUG] cheese - null
[2020-04-06T10:08:05.830] [DEBUG] cheese - login => username:admin,password:123456
[2020-04-06T10:08:05.830] [DEBUG] cheese - admin
[2020-04-06T10:08:05.843] [DEBUG] cheese - null
[2020-04-06T10:08:05.843] [DEBUG] cheese - null
[2020-04-06T10:09:00.034] [DEBUG] cheese - login => username:admin,password:123456
[2020-04-06T10:09:00.034] [DEBUG] cheese - admin
[2020-04-06T10:09:00.038] [DEBUG] cheese - null
[2020-04-06T10:09:00.038] [DEBUG] cheese - null
[2020-04-06T10:09:33.779] [DEBUG] cheese - login => username:admin,password:123456
[2020-04-06T10:09:33.779] [DEBUG] cheese - admin
[2020-04-06T10:09:33.783] [DEBUG] cheese - null
[2020-04-06T10:09:33.783] [DEBUG] cheese - null
[2020-04-06T10:13:36.481] [DEBUG] cheese - login => username:admin,password:123456
[2020-04-06T10:13:36.481] [DEBUG] cheese - admin
[2020-04-06T10:13:36.487] [DEBUG] cheese - null
[2020-04-06T10:13:36.487] [DEBUG] cheese - null
[2020-04-06T14:05:01.447] [DEBUG] cheese - login => username:admin,password:123456
[2020-04-06T14:05:01.451] [DEBUG] cheese - admin
[2020-04-06T14:05:01.515] [DEBUG] cheese - null
[2020-04-06T14:05:01.515] [DEBUG] cheese - null
[2020-04-06T15:56:48.774] [DEBUG] cheese - login => username:admin,password:123456
[2020-04-06T15:56:48.778] [DEBUG] cheese - admin
[2020-04-06T15:56:48.822] [DEBUG] cheese - null
[2020-04-06T15:56:48.826] [DEBUG] cheese - null
[2020-04-06T15:57:01.833] [DEBUG] cheese - login => username:admin,password:123456
[2020-04-06T15:57:01.833] [DEBUG] cheese - admin
[2020-04-06T15:57:01.837] [DEBUG] cheese - null
[2020-04-06T15:57:01.837] [DEBUG] cheese - null
[2020-04-06T15:58:19.731] [DEBUG] cheese - login => username:admin,password:123456
[2020-04-06T15:58:19.731] [DEBUG] cheese - admin
[2020-04-06T15:58:19.739] [DEBUG] cheese - null
[2020-04-06T15:58:19.739] [DEBUG] cheese - null
[2020-04-06T15:59:37.804] [DEBUG] cheese - login => username:admin,password:123456
[2020-04-06T15:59:37.804] [DEBUG] cheese - admin
[2020-04-06T15:59:37.812] [DEBUG] cheese - null
[2020-04-06T15:59:37.812] [DEBUG] cheese - null
[2020-04-06T15:59:42.403] [DEBUG] cheese - login => username:admin,password:123456
[2020-04-06T15:59:42.403] [DEBUG] cheese - admin
[2020-04-06T15:59:42.411] [DEBUG] cheese - null
[2020-04-06T15:59:42.411] [DEBUG] cheese - null
[2020-04-06T16:33:24.611] [DEBUG] cheese - login => username:admin,password:123456
[2020-04-06T16:33:24.611] [DEBUG] cheese - admin
[2020-04-06T16:33:24.619] [DEBUG] cheese - null
[2020-04-06T16:33:24.619] [DEBUG] cheese - null
[2020-04-06T16:36:07.298] [DEBUG] cheese - login => username:admin,password:123456
[2020-04-06T16:36:07.298] [DEBUG] cheese - admin
[2020-04-06T16:36:07.310] [DEBUG] cheese - null
[2020-04-06T16:36:07.310] [DEBUG] cheese - null
[2020-04-06T16:36:59.061] [DEBUG] cheese - login => username:admin,password:123456
[2020-04-06T16:36:59.061] [DEBUG] cheese - admin
[2020-04-06T16:36:59.065] [DEBUG] cheese - null
[2020-04-06T16:36:59.065] [DEBUG] cheese - null
[2020-04-06T16:37:17.903] [DEBUG] cheese - login => username:admin,password:123456
[2020-04-06T16:37:17.903] [DEBUG] cheese - admin
[2020-04-06T16:37:17.911] [DEBUG] cheese - null
[2020-04-06T16:37:17.911] [DEBUG] cheese - null
[2020-04-06T16:43:02.933] [DEBUG] cheese - login => username:admin,password:123456
[2020-04-06T16:43:02.933] [DEBUG] cheese - admin
[2020-04-06T16:43:02.941] [DEBUG] cheese - null
[2020-04-06T16:43:02.941] [DEBUG] cheese - null
[2020-04-06T16:50:18.729] [DEBUG] cheese - login => username:admin,password:123456
[2020-04-06T16:50:18.729] [DEBUG] cheese - admin
[2020-04-06T16:50:18.737] [DEBUG] cheese - null
[2020-04-06T16:50:18.737] [DEBUG] cheese - null
[2020-04-06T20:24:44.415] [DEBUG] cheese - login => username:admin,password:123456
[2020-04-06T20:24:44.416] [DEBUG] cheese - admin
[2020-04-06T20:24:44.464] [DEBUG] cheese - null
[2020-04-06T20:24:44.465] [DEBUG] cheese - null
[2020-04-06T20:24:48.005] [DEBUG] cheese - login => username:admin,password:123456
[2020-04-06T20:24:48.006] [DEBUG] cheese - admin
[2020-04-06T20:24:48.010] [DEBUG] cheese - null
[2020-04-06T20:24:48.010] [DEBUG] cheese - null
[2020-04-06T20:27:02.342] [DEBUG] cheese - login => username:gygy,password:123456
[2020-04-06T20:27:02.342] [DEBUG] cheese - gygy
[2020-04-06T20:27:02.349] [DEBUG] cheese - null
[2020-04-06T20:27:02.349] [DEBUG] cheese - null
[2020-04-06T20:27:05.753] [DEBUG] cheese - login => username:gygy,password:123456
[2020-04-06T20:27:05.753] [DEBUG] cheese - gygy
[2020-04-06T20:27:05.756] [DEBUG] cheese - null
[2020-04-06T20:27:05.756] [DEBUG] cheese - null
[2020-04-06T20:27:06.279] [DEBUG] cheese - login => username:gygy,password:123456
[2020-04-06T20:27:06.279] [DEBUG] cheese - gygy
[2020-04-06T20:27:06.283] [DEBUG] cheese - null
[2020-04-06T20:27:06.283] [DEBUG] cheese - null
[2020-04-06T20:27:06.460] [DEBUG] cheese - login => username:gygy,password:123456
[2020-04-06T20:27:06.460] [DEBUG] cheese - gygy
[2020-04-06T20:27:06.463] [DEBUG] cheese - null
[2020-04-06T20:27:06.463] [DEBUG] cheese - null
[2020-04-06T20:27:12.637] [DEBUG] cheese - login => username:admin,password:123456
[2020-04-06T20:27:12.638] [DEBUG] cheese - admin
[2020-04-06T20:27:12.641] [DEBUG] cheese - null
[2020-04-06T20:27:12.641] [DEBUG] cheese - null
[2020-04-06T20:29:13.734] [DEBUG] cheese - login => username:admin,password:123456
[2020-04-06T20:29:13.734] [DEBUG] cheese - admin
[2020-04-06T20:29:13.740] [DEBUG] cheese - null
[2020-04-06T20:29:13.741] [DEBUG] cheese - null
[2020-04-06T21:41:17.077] [DEBUG] cheese - login => username:admin,password:123456
[2020-04-06T21:41:17.080] [DEBUG] cheese - admin
[2020-04-06T21:41:17.111] [DEBUG] cheese - null
[2020-04-06T21:41:17.111] [DEBUG] cheese - null
[2020-04-06T21:43:36.038] [DEBUG] cheese - login => username:admin,password:123456
[2020-04-06T21:43:36.039] [DEBUG] cheese - admin
[2020-04-06T21:43:36.049] [DEBUG] cheese - null
[2020-04-06T21:43:36.049] [DEBUG] cheese - null
[2020-04-06T21:58:45.795] [DEBUG] cheese - login => username:admin,password:123456
[2020-04-06T21:58:45.796] [DEBUG] cheese - admin
[2020-04-06T21:58:45.805] [DEBUG] cheese - null
[2020-04-06T21:58:45.805] [DEBUG] cheese - null
[2020-04-06T22:12:27.705] [DEBUG] cheese - login => username:admin,password:123456
[2020-04-06T22:12:27.705] [DEBUG] cheese - admin
[2020-04-06T22:12:27.714] [DEBUG] cheese - null
[2020-04-06T22:12:27.714] [DEBUG] cheese - null
[2020-04-06T22:16:12.954] [DEBUG] cheese - login => username:admin,password:123456
[2020-04-06T22:16:12.955] [DEBUG] cheese - admin
[2020-04-06T22:16:12.973] [DEBUG] cheese - null
[2020-04-06T22:16:12.974] [DEBUG] cheese - null
[2020-04-06T22:22:53.210] [DEBUG] cheese - login => username:admin,password:123456
[2020-04-06T22:22:53.210] [DEBUG] cheese - admin
[2020-04-06T22:22:53.216] [DEBUG] cheese - null
[2020-04-06T22:22:53.217] [DEBUG] cheese - null
[2020-04-06T22:30:12.923] [DEBUG] cheese - login => username:admin,password:123456
[2020-04-06T22:30:12.923] [DEBUG] cheese - admin
[2020-04-06T22:30:12.929] [DEBUG] cheese - null
[2020-04-06T22:30:12.929] [DEBUG] cheese - null
[2020-04-06T23:00:59.583] [DEBUG] cheese - login => username:admin,password:123456
[2020-04-06T23:00:59.583] [DEBUG] cheese - admin
[2020-04-06T23:00:59.589] [DEBUG] cheese - null
[2020-04-06T23:00:59.589] [DEBUG] cheese - null
[2020-04-06T23:01:54.253] [DEBUG] cheese - login => username:admin,password:123456
[2020-04-06T23:01:54.253] [DEBUG] cheese - admin
[2020-04-06T23:01:54.256] [DEBUG] cheese - null
[2020-04-06T23:01:54.256] [DEBUG] cheese - null
[2020-04-06T23:06:22.699] [DEBUG] cheese - login => username:admin,password:123456
[2020-04-06T23:06:22.699] [DEBUG] cheese - admin
[2020-04-06T23:06:22.705] [DEBUG] cheese - null
[2020-04-06T23:06:22.705] [DEBUG] cheese - null
[2020-04-07T01:03:40.100] [DEBUG] cheese - login => username:kjkj,password:123456
[2020-04-07T01:03:40.101] [DEBUG] cheese - kjkj
[2020-04-07T01:03:40.117] [DEBUG] cheese - null
[2020-04-07T01:03:40.118] [DEBUG] cheese - null
[2020-04-07T01:03:51.188] [DEBUG] cheese - login => username:admin,password:123456
[2020-04-07T01:03:51.188] [DEBUG] cheese - admin
[2020-04-07T01:03:51.193] [DEBUG] cheese - null
[2020-04-07T01:03:51.193] [DEBUG] cheese - null
[2020-04-07T11:16:30.538] [DEBUG] cheese - login => username:admin,password:123456
[2020-04-07T11:16:30.540] [DEBUG] cheese - admin
[2020-04-07T11:16:30.598] [DEBUG] cheese - null
[2020-04-07T11:16:30.599] [DEBUG] cheese - null
[2020-04-07T20:22:54.998] [DEBUG] cheese - login => username:admin,password:123456
[2020-04-07T20:22:54.999] [DEBUG] cheese - admin
[2020-04-07T20:22:55.048] [DEBUG] cheese - null
[2020-04-07T20:22:55.049] [DEBUG] cheese - null
[2020-04-07T20:44:08.839] [DEBUG] cheese - login => username:admin,password:123456
[2020-04-07T20:44:08.839] [DEBUG] cheese - admin
[2020-04-07T20:44:08.848] [DEBUG] cheese - null
[2020-04-07T20:44:08.848] [DEBUG] cheese - null
[2020-04-07T20:45:24.593] [DEBUG] cheese - login => username:admin,password:123456
[2020-04-07T20:45:24.593] [DEBUG] cheese - admin
[2020-04-07T20:45:24.596] [DEBUG] cheese - null
[2020-04-07T20:45:24.597] [DEBUG] cheese - null
[2020-04-07T21:31:33.089] [DEBUG] cheese - login => username:admin,password:123456
[2020-04-07T21:31:33.089] [DEBUG] cheese - admin
[2020-04-07T21:31:33.095] [DEBUG] cheese - null
[2020-04-07T21:31:33.095] [DEBUG] cheese - null
[2020-04-07T23:16:54.038] [DEBUG] cheese - login => username:admin,password:123456
[2020-04-07T23:16:54.039] [DEBUG] cheese - admin
[2020-04-07T23:16:54.058] [DEBUG] cheese - null
[2020-04-07T23:16:54.058] [DEBUG] cheese - null
[2020-04-08T11:59:52.127] [DEBUG] cheese - login => username:admin,password:123456
[2020-04-08T11:59:52.128] [DEBUG] cheese - admin
[2020-04-08T11:59:52.167] [DEBUG] cheese - null
[2020-04-08T11:59:52.168] [DEBUG] cheese - null
